FATAL  | wrapper  | 2020/12/18 13:42:19 | OpenSCManager failed - Accès refusé. (0x5)
STATUS | wrapper  | 2020/12/18 13:42:25 | --> Wrapper Started as Console
STATUS | wrapper  | 2020/12/18 13:42:25 | Launching a JVM...
INFO   | jvm 1    | 2020/12/18 13:42:25 | Wrapper (Version 3.2.3) http://wrapper.tanukisoftware.org
INFO   | jvm 1    | 2020/12/18 13:42:25 |   Copyright 1999-2006 Tanuki Software, Inc.  All Rights Reserved.
INFO   | jvm 1    | 2020/12/18 13:42:25 | 
INFO   | jvm 1    | 2020/12/18 13:42:25 | 
INFO   | jvm 1    | 2020/12/18 13:42:25 | WARNING - Unable to load the Wrapper's native library 'wrapper.dll'.
INFO   | jvm 1    | 2020/12/18 13:42:25 |           The file is located on the path at the following location but
INFO   | jvm 1    | 2020/12/18 13:42:25 |           could not be loaded:
INFO   | jvm 1    | 2020/12/18 13:42:25 |             C:\Users\Sna\Desktop\SNAMAZON\ActiveMQ\bin\win64\..\..\bin\win64\wrapper.dll
INFO   | jvm 1    | 2020/12/18 13:42:25 |           Please verify that the file is readable by the current user
INFO   | jvm 1    | 2020/12/18 13:42:25 |           and that the file has not been corrupted in any way.
INFO   | jvm 1    | 2020/12/18 13:42:25 |           One common cause of this problem is running a 32-bit version
INFO   | jvm 1    | 2020/12/18 13:42:25 |           of the Wrapper with a 64-bit version of Java, or vica versa.
INFO   | jvm 1    | 2020/12/18 13:42:25 |           This is a 32-bit JVM.
INFO   | jvm 1    | 2020/12/18 13:42:25 |           Reported cause:
INFO   | jvm 1    | 2020/12/18 13:42:25 |             C:\Users\Sna\Desktop\SNAMAZON\ActiveMQ\bin\win64\wrapper.dll: Can't load AMD 64-bit .dll on a IA 32-bit platform
INFO   | jvm 1    | 2020/12/18 13:42:25 |           System signals will not be handled correctly.
INFO   | jvm 1    | 2020/12/18 13:42:25 | 
INFO   | jvm 1    | 2020/12/18 13:42:26 | Java Runtime: Oracle Corporation 1.8.0_241 C:\Program Files (x86)\Java\jre1.8.0_241
INFO   | jvm 1    | 2020/12/18 13:42:26 |   Heap sizes: current=15872k  free=13746k  max=1013632k
INFO   | jvm 1    | 2020/12/18 13:42:26 |     JVM args: -Dactivemq.home=../.. -Dactivemq.base=../.. -Djavax.net.ssl.keyStorePassword=password -Djavax.net.ssl.trustStorePassword=password -Djavax.net.ssl.keyStore=../../conf/broker.ks -Djavax.net.ssl.trustStore=../../conf/broker.ts -Dcom.sun.management.jmxremote -Dorg.apache.activemq.UseDedicatedTaskRunner=true -Djava.util.logging.config.file=logging.properties -Dactivemq.conf=../../conf -Dactivemq.data=../../data -Djava.security.auth.login.config=../../conf/login.config -Xmx1024m -Djava.library.path=../../bin/win64 -Dwrapper.key=qlfdCPq52Yoi8fxH -Dwrapper.port=32000 -Dwrapper.jvm.port.min=31000 -Dwrapper.jvm.port.max=31999 -Dwrapper.pid=56136 -Dwrapper.version=3.2.3 -Dwrapper.native_library=wrapper -Dwrapper.cpu.timeout=10 -Dwrapper.jvmid=1
INFO   | jvm 1    | 2020/12/18 13:42:26 | Extensions classpath:
INFO   | jvm 1    | 2020/12/18 13:42:26 |   [..\..\lib,..\..\lib\camel,..\..\lib\optional,..\..\lib\web,..\..\lib\extra]
INFO   | jvm 1    | 2020/12/18 13:42:26 | ACTIVEMQ_HOME: ..\..
INFO   | jvm 1    | 2020/12/18 13:42:26 | ACTIVEMQ_BASE: ..\..
INFO   | jvm 1    | 2020/12/18 13:42:26 | ACTIVEMQ_CONF: ..\..\conf
INFO   | jvm 1    | 2020/12/18 13:42:26 | ACTIVEMQ_DATA: ..\..\data
INFO   | jvm 1    | 2020/12/18 13:42:26 | Loading message broker from: xbean:activemq.xml
INFO   | jvm 1    | 2020/12/18 13:42:26 |  INFO | Refreshing org.apache.activemq.xbean.XBeanBrokerFactory$1@15ca40b: startup date [Fri Dec 18 13:42:26 CET 2020]; root of context hierarchy
INFO   | jvm 1    | 2020/12/18 13:42:26 |  INFO | Using Persistence Adapter: KahaDBPersistenceAdapter[C:\Users\Sna\Desktop\SNAMAZON\ActiveMQ\bin\win64\..\..\data\kahadb]
INFO   | jvm 1    | 2020/12/18 13:42:27 |  INFO | PListStore:[C:\Users\Sna\Desktop\SNAMAZON\ActiveMQ\bin\win64\..\..\data\localhost\tmp_storage] started
INFO   | jvm 1    | 2020/12/18 13:42:27 |  INFO | Apache ActiveMQ 5.16.0 (localhost, ID:DESKTOP-IG4AG5T-50044-1608295347004-0:1) is starting
INFO   | jvm 1    | 2020/12/18 13:42:27 |  INFO | Listening for connections at: tcp://DESKTOP-IG4AG5T:61616?maximumConnections=1000&wireFormat.maxFrameSize=104857600
INFO   | jvm 1    | 2020/12/18 13:42:27 |  INFO | Connector openwire started
INFO   | jvm 1    | 2020/12/18 13:42:27 |  INFO | Listening for connections at: amqp://DESKTOP-IG4AG5T:5672?maximumConnections=1000&wireFormat.maxFrameSize=104857600
INFO   | jvm 1    | 2020/12/18 13:42:27 |  INFO | Connector amqp started
INFO   | jvm 1    | 2020/12/18 13:42:27 |  INFO | Listening for connections at: stomp://DESKTOP-IG4AG5T:61613?maximumConnections=1000&wireFormat.maxFrameSize=104857600
INFO   | jvm 1    | 2020/12/18 13:42:27 |  INFO | Connector stomp started
INFO   | jvm 1    | 2020/12/18 13:42:27 |  INFO | Listening for connections at: mqtt://DESKTOP-IG4AG5T:1883?maximumConnections=1000&wireFormat.maxFrameSize=104857600
INFO   | jvm 1    | 2020/12/18 13:42:27 |  INFO | Connector mqtt started
INFO   | jvm 1    | 2020/12/18 13:42:27 |  INFO | Starting Jetty server
INFO   | jvm 1    | 2020/12/18 13:42:27 |  INFO | Creating Jetty connector
INFO   | jvm 1    | 2020/12/18 13:42:27 |  WARN | ServletContext@o.e.j.s.ServletContextHandler@89777d{/,null,STARTING} has uncovered http methods for path: /
INFO   | jvm 1    | 2020/12/18 13:42:27 |  INFO | Listening for connections at ws://DESKTOP-IG4AG5T:61614?maximumConnections=1000&wireFormat.maxFrameSize=104857600
INFO   | jvm 1    | 2020/12/18 13:42:27 |  INFO | Connector ws started
INFO   | jvm 1    | 2020/12/18 13:42:27 |  INFO | Apache ActiveMQ 5.16.0 (localhost, ID:DESKTOP-IG4AG5T-50044-1608295347004-0:1) started
INFO   | jvm 1    | 2020/12/18 13:42:27 |  INFO | For help or more information please see: http://activemq.apache.org
INFO   | jvm 1    | 2020/12/18 13:42:27 |  WARN | Store limit is 102400 mb (current store usage is 0 mb). The data directory: C:\Users\Sna\Desktop\SNAMAZON\ActiveMQ\bin\win64\..\..\data\kahadb only has 32406 mb of usable space. - resetting to maximum available disk space: 32406 mb
INFO   | jvm 1    | 2020/12/18 13:42:27 |  WARN | Temporary Store limit is 51200 mb (current store usage is 0 mb). The data directory: C:\Users\Sna\Desktop\SNAMAZON\ActiveMQ\bin\win64\..\..\data only has 32406 mb of usable space. - resetting to maximum available disk space: 32406 mb
INFO   | jvm 1    | 2020/12/18 13:42:27 |  INFO | ActiveMQ WebConsole available at http://127.0.0.1:8161/
INFO   | jvm 1    | 2020/12/18 13:42:27 |  INFO | ActiveMQ Jolokia REST API available at http://127.0.0.1:8161/api/jolokia/
